[0.074s] DEBUG:colcon:Command line arguments: ['/usr/bin/colcon', 'build']
[0.074s] DEBUG:colcon:Parsed command line arguments: Namespace(log_base=None, log_level=None, verb_name='build', build_base='build', install_base='install', merge_install=True, symlink_install=True, test_result_base=None, continue_on_error=False, executor='parallel', parallel_workers=8, event_handlers=None, ignore_user_meta=False, metas=['./colcon.meta'], base_paths=['.'], packages_ignore=None, packages_ignore_regex=None, paths=None, packages_up_to=None, packages_up_to_regex=None, packages_above=None, packages_above_and_dependencies=None, packages_above_depth=None, packages_select_by_dep=None, packages_skip_by_dep=None, packages_skip_up_to=None, packages_select_build_failed=False, packages_skip_build_finished=False, packages_select_test_failures=False, packages_skip_test_passed=False, packages_select=None, packages_skip=None, packages_select_regex=None, packages_skip_regex=None, packages_start=None, packages_end=None, allow_overriding=[], cmake_args=None, cmake_target=None, cmake_target_skip_unavailable=False, cmake_clean_cache=False, cmake_clean_first=False, cmake_force_configure=False, ament_cmake_args=None, catkin_cmake_args=None, catkin_skip_building_tests=False, mixin_files=None, mixin=None, verb_parser=<colcon_mixin.mixin.mixin_argument.MixinArgumentDecorator object at 0x7fad11bc96d0>, verb_extension=<colcon_core.verb.build.BuildVerb object at 0x7fad11cf9af0>, main=<bound method BuildVerb.main of <colcon_core.verb.build.BuildVerb object at 0x7fad11cf9af0>>, mixin_verb=('build',))
[0.099s] Level 1:colcon.colcon_core.package_discovery:discover_packages(colcon_meta) check parameters
[0.099s] Level 1:colcon.colcon_core.package_discovery:discover_packages(recursive) check parameters
[0.099s] Level 1:colcon.colcon_core.package_discovery:discover_packages(ignore) check parameters
[0.099s] Level 1:colcon.colcon_core.package_discovery:discover_packages(path) check parameters
[0.099s] Level 1:colcon.colcon_core.package_discovery:discover_packages(colcon_meta) discover
[0.099s] Level 1:colcon.colcon_core.package_discovery:discover_packages(recursive) discover
[0.099s] INFO:colcon.colcon_core.package_discovery:Crawling recursively for packages in '/home/airou/Vnavros2setup-pr2'
[0.099s] Level 1:colcon.colcon_core.package_identification:_identify(.) by extensions ['ignore', 'ignore_ament_install']
[0.099s] Level 1:colcon.colcon_core.package_identification:_identify(.) by extension 'ignore'
[0.099s] Level 1:colcon.colcon_core.package_identification:_identify(.) by extension 'ignore_ament_install'
[0.099s] Level 1:colcon.colcon_core.package_identification:_identify(.) by extensions ['colcon_pkg']
[0.099s] Level 1:colcon.colcon_core.package_identification:_identify(.) by extension 'colcon_pkg'
[0.099s] Level 1:colcon.colcon_core.package_identification:_identify(.) by extensions ['colcon_meta']
[0.099s] Level 1:colcon.colcon_core.package_identification:_identify(.) by extension 'colcon_meta'
[0.099s] Level 1:colcon.colcon_core.package_identification:_identify(.) by extensions ['ros']
[0.099s] Level 1:colcon.colcon_core.package_identification:_identify(.) by extension 'ros'
[0.116s] Level 1:colcon.colcon_core.package_identification:_identify(.) by extensions ['cmake', 'python']
[0.116s] Level 1:colcon.colcon_core.package_identification:_identify(.) by extension 'cmake'
[0.116s] Level 1:colcon.colcon_core.package_identification:_identify(.) by extension 'python'
[0.116s] Level 1:colcon.colcon_core.package_identification:_identify(.) by extensions ['python_setup_py']
[0.116s] Level 1:colcon.colcon_core.package_identification:_identify(.) by extension 'python_setup_py'
[0.116s] Level 1:colcon.colcon_core.package_identification:_identify(build) by extensions ['ignore', 'ignore_ament_install']
[0.116s] Level 1:colcon.colcon_core.package_identification:_identify(build) by extension 'ignore'
[0.116s] Level 1:colcon.colcon_core.package_identification:_identify(build) ignored
[0.116s] Level 1:colcon.colcon_core.package_identification:_identify(external) by extensions ['ignore', 'ignore_ament_install']
[0.117s] Level 1:colcon.colcon_core.package_identification:_identify(external) by extension 'ignore'
[0.117s] Level 1:colcon.colcon_core.package_identification:_identify(external) by extension 'ignore_ament_install'
[0.117s] Level 1:colcon.colcon_core.package_identification:_identify(external) by extensions ['colcon_pkg']
[0.117s] Level 1:colcon.colcon_core.package_identification:_identify(external) by extension 'colcon_pkg'
[0.117s] Level 1:colcon.colcon_core.package_identification:_identify(external) by extensions ['colcon_meta']
[0.117s] Level 1:colcon.colcon_core.package_identification:_identify(external) by extension 'colcon_meta'
[0.117s] Level 1:colcon.colcon_core.package_identification:_identify(external) by extensions ['ros']
[0.117s] Level 1:colcon.colcon_core.package_identification:_identify(external) by extension 'ros'
[0.117s] Level 1:colcon.colcon_core.package_identification:_identify(external) by extensions ['cmake', 'python']
[0.117s] Level 1:colcon.colcon_core.package_identification:_identify(external) by extension 'cmake'
[0.117s] Level 1:colcon.colcon_core.package_identification:_identify(external) by extension 'python'
[0.117s] Level 1:colcon.colcon_core.package_identification:_identify(external) by extensions ['python_setup_py']
[0.117s] Level 1:colcon.colcon_core.package_identification:_identify(external) by extension 'python_setup_py'
[0.117s] Level 1:colcon.colcon_core.package_identification:_identify(external/YDLidar-SDK) by extensions ['ignore', 'ignore_ament_install']
[0.117s] Level 1:colcon.colcon_core.package_identification:_identify(external/YDLidar-SDK) by extension 'ignore'
[0.117s] Level 1:colcon.colcon_core.package_identification:_identify(external/YDLidar-SDK) by extension 'ignore_ament_install'
[0.117s] Level 1:colcon.colcon_core.package_identification:_identify(external/YDLidar-SDK) by extensions ['colcon_pkg']
[0.117s] Level 1:colcon.colcon_core.package_identification:_identify(external/YDLidar-SDK) by extension 'colcon_pkg'
[0.117s] Level 1:colcon.colcon_core.package_identification:_identify(external/YDLidar-SDK) by extensions ['colcon_meta']
[0.117s] Level 1:colcon.colcon_core.package_identification:_identify(external/YDLidar-SDK) by extension 'colcon_meta'
[0.117s] Level 1:colcon.colcon_core.package_identification:_identify(external/YDLidar-SDK) by extensions ['ros']
[0.117s] Level 1:colcon.colcon_core.package_identification:_identify(external/YDLidar-SDK) by extension 'ros'
[0.117s] Level 1:colcon.colcon_core.package_identification:_identify(external/YDLidar-SDK) by extensions ['cmake', 'python']
[0.117s] Level 1:colcon.colcon_core.package_identification:_identify(external/YDLidar-SDK) by extension 'cmake'
[0.121s] Level 1:colcon.colcon_core.package_identification:_identify(external/YDLidar-SDK) by extension 'python'
[0.121s] DEBUG:colcon.colcon_core.package_identification:Package 'external/YDLidar-SDK' with type 'cmake' and name 'ydlidar_sdk'
[0.121s] Level 1:colcon.colcon_core.package_identification:_identify(external/vesc_fw) by extensions ['ignore', 'ignore_ament_install']
[0.121s] Level 1:colcon.colcon_core.package_identification:_identify(external/vesc_fw) by extension 'ignore'
[0.121s] Level 1:colcon.colcon_core.package_identification:_identify(external/vesc_fw) by extension 'ignore_ament_install'
[0.121s] Level 1:colcon.colcon_core.package_identification:_identify(external/vesc_fw) by extensions ['colcon_pkg']
[0.121s] Level 1:colcon.colcon_core.package_identification:_identify(external/vesc_fw) by extension 'colcon_pkg'
[0.121s] Level 1:colcon.colcon_core.package_identification:_identify(external/vesc_fw) by extensions ['colcon_meta']
[0.121s] Level 1:colcon.colcon_core.package_identification:_identify(external/vesc_fw) by extension 'colcon_meta'
[0.121s] Level 1:colcon.colcon_core.package_identification:_identify(external/vesc_fw) by extensions ['ros']
[0.121s] Level 1:colcon.colcon_core.package_identification:_identify(external/vesc_fw) by extension 'ros'
[0.121s] Level 1:colcon.colcon_core.package_identification:_identify(external/vesc_fw) by extensions ['cmake', 'python']
[0.121s] Level 1:colcon.colcon_core.package_identification:_identify(external/vesc_fw) by extension 'cmake'
[0.121s] Level 1:colcon.colcon_core.package_identification:_identify(external/vesc_fw) by extension 'python'
[0.121s] Level 1:colcon.colcon_core.package_identification:_identify(external/vesc_fw) by extensions ['python_setup_py']
[0.121s] Level 1:colcon.colcon_core.package_identification:_identify(external/vesc_fw) by extension 'python_setup_py'
[0.121s] Level 1:colcon.colcon_core.package_identification:_identify(external/vesc_fw/vesc_fw_archive) by extensions ['ignore', 'ignore_ament_install']
[0.121s] Level 1:colcon.colcon_core.package_identification:_identify(external/vesc_fw/vesc_fw_archive) by extension 'ignore'
[0.121s] Level 1:colcon.colcon_core.package_identification:_identify(external/vesc_fw/vesc_fw_archive) by extension 'ignore_ament_install'
[0.121s] Level 1:colcon.colcon_core.package_identification:_identify(external/vesc_fw/vesc_fw_archive) by extensions ['colcon_pkg']
[0.121s] Level 1:colcon.colcon_core.package_identification:_identify(external/vesc_fw/vesc_fw_archive) by extension 'colcon_pkg'
[0.121s] Level 1:colcon.colcon_core.package_identification:_identify(external/vesc_fw/vesc_fw_archive) by extensions ['colcon_meta']
[0.121s] Level 1:colcon.colcon_core.package_identification:_identify(external/vesc_fw/vesc_fw_archive) by extension 'colcon_meta'
[0.121s] Level 1:colcon.colcon_core.package_identification:_identify(external/vesc_fw/vesc_fw_archive) by extensions ['ros']
[0.121s] Level 1:colcon.colcon_core.package_identification:_identify(external/vesc_fw/vesc_fw_archive) by extension 'ros'
[0.121s] Level 1:colcon.colcon_core.package_identification:_identify(external/vesc_fw/vesc_fw_archive) by extensions ['cmake', 'python']
[0.122s] Level 1:colcon.colcon_core.package_identification:_identify(external/vesc_fw/vesc_fw_archive) by extension 'cmake'
[0.122s] Level 1:colcon.colcon_core.package_identification:_identify(external/vesc_fw/vesc_fw_archive) by extension 'python'
[0.122s] Level 1:colcon.colcon_core.package_identification:_identify(external/vesc_fw/vesc_fw_archive) by extensions ['python_setup_py']
[0.122s] Level 1:colcon.colcon_core.package_identification:_identify(external/vesc_fw/vesc_fw_archive) by extension 'python_setup_py'
[0.122s] Level 1:colcon.colcon_core.package_identification:_identify(external/vesc_fw/vesc_fw_archive/6.05) by extensions ['ignore', 'ignore_ament_install']
[0.122s] Level 1:colcon.colcon_core.package_identification:_identify(external/vesc_fw/vesc_fw_archive/6.05) by extension 'ignore'
[0.122s] Level 1:colcon.colcon_core.package_identification:_identify(external/vesc_fw/vesc_fw_archive/6.05) by extension 'ignore_ament_install'
[0.122s] Level 1:colcon.colcon_core.package_identification:_identify(external/vesc_fw/vesc_fw_archive/6.05) by extensions ['colcon_pkg']
[0.122s] Level 1:colcon.colcon_core.package_identification:_identify(external/vesc_fw/vesc_fw_archive/6.05) by extension 'colcon_pkg'
[0.122s] Level 1:colcon.colcon_core.package_identification:_identify(external/vesc_fw/vesc_fw_archive/6.05) by extensions ['colcon_meta']
[0.122s] Level 1:colcon.colcon_core.package_identification:_identify(external/vesc_fw/vesc_fw_archive/6.05) by extension 'colcon_meta'
[0.122s] Level 1:colcon.colcon_core.package_identification:_identify(external/vesc_fw/vesc_fw_archive/6.05) by extensions ['ros']
[0.122s] Level 1:colcon.colcon_core.package_identification:_identify(external/vesc_fw/vesc_fw_archive/6.05) by extension 'ros'
[0.122s] Level 1:colcon.colcon_core.package_identification:_identify(external/vesc_fw/vesc_fw_archive/6.05) by extensions ['cmake', 'python']
[0.122s] Level 1:colcon.colcon_core.package_identification:_identify(external/vesc_fw/vesc_fw_archive/6.05) by extension 'cmake'
[0.122s] Level 1:colcon.colcon_core.package_identification:_identify(external/vesc_fw/vesc_fw_archive/6.05) by extension 'python'
[0.122s] Level 1:colcon.colcon_core.package_identification:_identify(external/vesc_fw/vesc_fw_archive/6.05) by extensions ['python_setup_py']
[0.122s] Level 1:colcon.colcon_core.package_identification:_identify(external/vesc_fw/vesc_fw_archive/6.05) by extension 'python_setup_py'
[0.122s] Level 1:colcon.colcon_core.package_identification:_identify(external/vesc_fw/vesc_fw_archive/6.05/410_o_411_o_412) by extensions ['ignore', 'ignore_ament_install']
[0.122s] Level 1:colcon.colcon_core.package_identification:_identify(external/vesc_fw/vesc_fw_archive/6.05/410_o_411_o_412) by extension 'ignore'
[0.122s] Level 1:colcon.colcon_core.package_identification:_identify(external/vesc_fw/vesc_fw_archive/6.05/410_o_411_o_412) by extension 'ignore_ament_install'
[0.122s] Level 1:colcon.colcon_core.package_identification:_identify(external/vesc_fw/vesc_fw_archive/6.05/410_o_411_o_412) by extensions ['colcon_pkg']
[0.122s] Level 1:colcon.colcon_core.package_identification:_identify(external/vesc_fw/vesc_fw_archive/6.05/410_o_411_o_412) by extension 'colcon_pkg'
[0.122s] Level 1:colcon.colcon_core.package_identification:_identify(external/vesc_fw/vesc_fw_archive/6.05/410_o_411_o_412) by extensions ['colcon_meta']
[0.122s] Level 1:colcon.colcon_core.package_identification:_identify(external/vesc_fw/vesc_fw_archive/6.05/410_o_411_o_412) by extension 'colcon_meta'
[0.122s] Level 1:colcon.colcon_core.package_identification:_identify(external/vesc_fw/vesc_fw_archive/6.05/410_o_411_o_412) by extensions ['ros']
[0.122s] Level 1:colcon.colcon_core.package_identification:_identify(external/vesc_fw/vesc_fw_archive/6.05/410_o_411_o_412) by extension 'ros'
[0.122s] Level 1:colcon.colcon_core.package_identification:_identify(external/vesc_fw/vesc_fw_archive/6.05/410_o_411_o_412) by extensions ['cmake', 'python']
[0.122s] Level 1:colcon.colcon_core.package_identification:_identify(external/vesc_fw/vesc_fw_archive/6.05/410_o_411_o_412) by extension 'cmake'
[0.122s] Level 1:colcon.colcon_core.package_identification:_identify(external/vesc_fw/vesc_fw_archive/6.05/410_o_411_o_412) by extension 'python'
[0.123s] Level 1:colcon.colcon_core.package_identification:_identify(external/vesc_fw/vesc_fw_archive/6.05/410_o_411_o_412) by extensions ['python_setup_py']
[0.123s] Level 1:colcon.colcon_core.package_identification:_identify(external/vesc_fw/vesc_fw_archive/6.05/410_o_411_o_412) by extension 'python_setup_py'
[0.123s] Level 1:colcon.colcon_core.package_identification:_identify(external/vesc_tool) by extensions ['ignore', 'ignore_ament_install']
[0.123s] Level 1:colcon.colcon_core.package_identification:_identify(external/vesc_tool) by extension 'ignore'
[0.123s] Level 1:colcon.colcon_core.package_identification:_identify(external/vesc_tool) by extension 'ignore_ament_install'
[0.123s] Level 1:colcon.colcon_core.package_identification:_identify(external/vesc_tool) by extensions ['colcon_pkg']
[0.123s] Level 1:colcon.colcon_core.package_identification:_identify(external/vesc_tool) by extension 'colcon_pkg'
[0.123s] Level 1:colcon.colcon_core.package_identification:_identify(external/vesc_tool) by extensions ['colcon_meta']
[0.123s] Level 1:colcon.colcon_core.package_identification:_identify(external/vesc_tool) by extension 'colcon_meta'
[0.123s] Level 1:colcon.colcon_core.package_identification:_identify(external/vesc_tool) by extensions ['ros']
[0.123s] Level 1:colcon.colcon_core.package_identification:_identify(external/vesc_tool) by extension 'ros'
[0.123s] Level 1:colcon.colcon_core.package_identification:_identify(external/vesc_tool) by extensions ['cmake', 'python']
[0.123s] Level 1:colcon.colcon_core.package_identification:_identify(external/vesc_tool) by extension 'cmake'
[0.123s] Level 1:colcon.colcon_core.package_identification:_identify(external/vesc_tool) by extension 'python'
[0.123s] Level 1:colcon.colcon_core.package_identification:_identify(external/vesc_tool) by extensions ['python_setup_py']
[0.123s] Level 1:colcon.colcon_core.package_identification:_identify(external/vesc_tool) by extension 'python_setup_py'
[0.123s] Level 1:colcon.colcon_core.package_identification:_identify(install) by extensions ['ignore', 'ignore_ament_install']
[0.123s] Level 1:colcon.colcon_core.package_identification:_identify(install) by extension 'ignore'
[0.123s] Level 1:colcon.colcon_core.package_identification:_identify(install) ignored
[0.123s] Level 1:colcon.colcon_core.package_identification:_identify(log) by extensions ['ignore', 'ignore_ament_install']
[0.123s] Level 1:colcon.colcon_core.package_identification:_identify(log) by extension 'ignore'
[0.123s] Level 1:colcon.colcon_core.package_identification:_identify(log) ignored
[0.123s] Level 1:colcon.colcon_core.package_identification:_identify(src) by extensions ['ignore', 'ignore_ament_install']
[0.123s] Level 1:colcon.colcon_core.package_identification:_identify(src) by extension 'ignore'
[0.123s] Level 1:colcon.colcon_core.package_identification:_identify(src) by extension 'ignore_ament_install'
[0.123s] Level 1:colcon.colcon_core.package_identification:_identify(src) by extensions ['colcon_pkg']
[0.123s] Level 1:colcon.colcon_core.package_identification:_identify(src) by extension 'colcon_pkg'
[0.123s] Level 1:colcon.colcon_core.package_identification:_identify(src) by extensions ['colcon_meta']
[0.123s] Level 1:colcon.colcon_core.package_identification:_identify(src) by extension 'colcon_meta'
[0.123s] Level 1:colcon.colcon_core.package_identification:_identify(src) by extensions ['ros']
[0.123s] Level 1:colcon.colcon_core.package_identification:_identify(src) by extension 'ros'
[0.123s] Level 1:colcon.colcon_core.package_identification:_identify(src) by extensions ['cmake', 'python']
[0.123s] Level 1:colcon.colcon_core.package_identification:_identify(src) by extension 'cmake'
[0.123s] Level 1:colcon.colcon_core.package_identification:_identify(src) by extension 'python'
[0.123s] Level 1:colcon.colcon_core.package_identification:_identify(src) by extensions ['python_setup_py']
[0.124s] Level 1:colcon.colcon_core.package_identification:_identify(src) by extension 'python_setup_py'
[0.124s] Level 1:colcon.colcon_core.package_identification:_identify(src/ydlidar_ros2_driver) by extensions ['ignore', 'ignore_ament_install']
[0.124s] Level 1:colcon.colcon_core.package_identification:_identify(src/ydlidar_ros2_driver) by extension 'ignore'
[0.124s] Level 1:colcon.colcon_core.package_identification:_identify(src/ydlidar_ros2_driver) by extension 'ignore_ament_install'
[0.124s] Level 1:colcon.colcon_core.package_identification:_identify(src/ydlidar_ros2_driver) by extensions ['colcon_pkg']
[0.124s] Level 1:colcon.colcon_core.package_identification:_identify(src/ydlidar_ros2_driver) by extension 'colcon_pkg'
[0.124s] Level 1:colcon.colcon_core.package_identification:_identify(src/ydlidar_ros2_driver) by extensions ['colcon_meta']
[0.124s] Level 1:colcon.colcon_core.package_identification:_identify(src/ydlidar_ros2_driver) by extension 'colcon_meta'
[0.124s] Level 1:colcon.colcon_core.package_identification:_identify(src/ydlidar_ros2_driver) by extensions ['ros']
[0.124s] Level 1:colcon.colcon_core.package_identification:_identify(src/ydlidar_ros2_driver) by extension 'ros'
[0.125s] DEBUG:colcon.colcon_core.package_identification:Package 'src/ydlidar_ros2_driver' with type 'ros.ament_cmake' and name 'ydlidar_ros2_driver'
[0.125s] Level 1:colcon.colcon_core.package_identification:_identify(workspaces) by extensions ['ignore', 'ignore_ament_install']
[0.125s] Level 1:colcon.colcon_core.package_identification:_identify(workspaces) by extension 'ignore'
[0.125s] Level 1:colcon.colcon_core.package_identification:_identify(workspaces) by extension 'ignore_ament_install'
[0.125s] Level 1:colcon.colcon_core.package_identification:_identify(workspaces) by extensions ['colcon_pkg']
[0.125s] Level 1:colcon.colcon_core.package_identification:_identify(workspaces) by extension 'colcon_pkg'
[0.125s] Level 1:colcon.colcon_core.package_identification:_identify(workspaces) by extensions ['colcon_meta']
[0.125s] Level 1:colcon.colcon_core.package_identification:_identify(workspaces) by extension 'colcon_meta'
[0.125s] Level 1:colcon.colcon_core.package_identification:_identify(workspaces) by extensions ['ros']
[0.125s] Level 1:colcon.colcon_core.package_identification:_identify(workspaces) by extension 'ros'
[0.125s] Level 1:colcon.colcon_core.package_identification:_identify(workspaces) by extensions ['cmake', 'python']
[0.125s] Level 1:colcon.colcon_core.package_identification:_identify(workspaces) by extension 'cmake'
[0.126s] Level 1:colcon.colcon_core.package_identification:_identify(workspaces) by extension 'python'
[0.126s] Level 1:colcon.colcon_core.package_identification:_identify(workspaces) by extensions ['python_setup_py']
[0.126s] Level 1:colcon.colcon_core.package_identification:_identify(workspaces) by extension 'python_setup_py'
[0.126s] Level 1:colcon.colcon_core.package_identification:_identify(workspaces/f1tenth_ws) by extensions ['ignore', 'ignore_ament_install']
[0.126s] Level 1:colcon.colcon_core.package_identification:_identify(workspaces/f1tenth_ws) by extension 'ignore'
[0.126s] Level 1:colcon.colcon_core.package_identification:_identify(workspaces/f1tenth_ws) by extension 'ignore_ament_install'
[0.126s] Level 1:colcon.colcon_core.package_identification:_identify(workspaces/f1tenth_ws) by extensions ['colcon_pkg']
[0.126s] Level 1:colcon.colcon_core.package_identification:_identify(workspaces/f1tenth_ws) by extension 'colcon_pkg'
[0.126s] Level 1:colcon.colcon_core.package_identification:_identify(workspaces/f1tenth_ws) by extensions ['colcon_meta']
[0.126s] Level 1:colcon.colcon_core.package_identification:_identify(workspaces/f1tenth_ws) by extension 'colcon_meta'
[0.126s] Level 1:colcon.colcon_core.package_identification:_identify(workspaces/f1tenth_ws) by extensions ['ros']
[0.126s] Level 1:colcon.colcon_core.package_identification:_identify(workspaces/f1tenth_ws) by extension 'ros'
[0.126s] Level 1:colcon.colcon_core.package_identification:_identify(workspaces/f1tenth_ws) by extensions ['cmake', 'python']
[0.126s] Level 1:colcon.colcon_core.package_identification:_identify(workspaces/f1tenth_ws) by extension 'cmake'
[0.126s] Level 1:colcon.colcon_core.package_identification:_identify(workspaces/f1tenth_ws) by extension 'python'
[0.126s] Level 1:colcon.colcon_core.package_identification:_identify(workspaces/f1tenth_ws) by extensions ['python_setup_py']
[0.126s] Level 1:colcon.colcon_core.package_identification:_identify(workspaces/f1tenth_ws) by extension 'python_setup_py'
[0.126s] Level 1:colcon.colcon_core.package_identification:_identify(workspaces/f1tenth_ws/build) by extensions ['ignore', 'ignore_ament_install']
[0.126s] Level 1:colcon.colcon_core.package_identification:_identify(workspaces/f1tenth_ws/build) by extension 'ignore'
[0.126s] Level 1:colcon.colcon_core.package_identification:_identify(workspaces/f1tenth_ws/build) ignored
[0.126s] Level 1:colcon.colcon_core.package_identification:_identify(workspaces/f1tenth_ws/config) by extensions ['ignore', 'ignore_ament_install']
[0.126s] Level 1:colcon.colcon_core.package_identification:_identify(workspaces/f1tenth_ws/config) by extension 'ignore'
[0.126s] Level 1:colcon.colcon_core.package_identification:_identify(workspaces/f1tenth_ws/config) by extension 'ignore_ament_install'
[0.126s] Level 1:colcon.colcon_core.package_identification:_identify(workspaces/f1tenth_ws/config) by extensions ['colcon_pkg']
[0.126s] Level 1:colcon.colcon_core.package_identification:_identify(workspaces/f1tenth_ws/config) by extension 'colcon_pkg'
[0.126s] Level 1:colcon.colcon_core.package_identification:_identify(workspaces/f1tenth_ws/config) by extensions ['colcon_meta']
[0.126s] Level 1:colcon.colcon_core.package_identification:_identify(workspaces/f1tenth_ws/config) by extension 'colcon_meta'
[0.126s] Level 1:colcon.colcon_core.package_identification:_identify(workspaces/f1tenth_ws/config) by extensions ['ros']
[0.126s] Level 1:colcon.colcon_core.package_identification:_identify(workspaces/f1tenth_ws/config) by extension 'ros'
[0.126s] Level 1:colcon.colcon_core.package_identification:_identify(workspaces/f1tenth_ws/config) by extensions ['cmake', 'python']
[0.126s] Level 1:colcon.colcon_core.package_identification:_identify(workspaces/f1tenth_ws/config) by extension 'cmake'
[0.126s] Level 1:colcon.colcon_core.package_identification:_identify(workspaces/f1tenth_ws/config) by extension 'python'
[0.126s] Level 1:colcon.colcon_core.package_identification:_identify(workspaces/f1tenth_ws/config) by extensions ['python_setup_py']
[0.126s] Level 1:colcon.colcon_core.package_identification:_identify(workspaces/f1tenth_ws/config) by extension 'python_setup_py'
[0.126s] Level 1:colcon.colcon_core.package_identification:_identify(workspaces/f1tenth_ws/install) by extensions ['ignore', 'ignore_ament_install']
[0.127s] Level 1:colcon.colcon_core.package_identification:_identify(workspaces/f1tenth_ws/install) by extension 'ignore'
[0.127s] Level 1:colcon.colcon_core.package_identification:_identify(workspaces/f1tenth_ws/install) ignored
[0.127s] Level 1:colcon.colcon_core.package_identification:_identify(workspaces/f1tenth_ws/log) by extensions ['ignore', 'ignore_ament_install']
[0.127s] Level 1:colcon.colcon_core.package_identification:_identify(workspaces/f1tenth_ws/log) by extension 'ignore'
[0.127s] Level 1:colcon.colcon_core.package_identification:_identify(workspaces/f1tenth_ws/log) ignored
[0.127s] Level 1:colcon.colcon_core.package_identification:_identify(workspaces/f1tenth_ws/src) by extensions ['ignore', 'ignore_ament_install']
[0.127s] Level 1:colcon.colcon_core.package_identification:_identify(workspaces/f1tenth_ws/src) by extension 'ignore'
[0.127s] Level 1:colcon.colcon_core.package_identification:_identify(workspaces/f1tenth_ws/src) by extension 'ignore_ament_install'
[0.127s] Level 1:colcon.colcon_core.package_identification:_identify(workspaces/f1tenth_ws/src) by extensions ['colcon_pkg']
[0.127s] Level 1:colcon.colcon_core.package_identification:_identify(workspaces/f1tenth_ws/src) by extension 'colcon_pkg'
[0.127s] Level 1:colcon.colcon_core.package_identification:_identify(workspaces/f1tenth_ws/src) by extensions ['colcon_meta']
[0.127s] Level 1:colcon.colcon_core.package_identification:_identify(workspaces/f1tenth_ws/src) by extension 'colcon_meta'
[0.127s] Level 1:colcon.colcon_core.package_identification:_identify(workspaces/f1tenth_ws/src) by extensions ['ros']
[0.127s] Level 1:colcon.colcon_core.package_identification:_identify(workspaces/f1tenth_ws/src) by extension 'ros'
[0.127s] Level 1:colcon.colcon_core.package_identification:_identify(workspaces/f1tenth_ws/src) by extensions ['cmake', 'python']
[0.127s] Level 1:colcon.colcon_core.package_identification:_identify(workspaces/f1tenth_ws/src) by extension 'cmake'
[0.127s] Level 1:colcon.colcon_core.package_identification:_identify(workspaces/f1tenth_ws/src) by extension 'python'
[0.127s] Level 1:colcon.colcon_core.package_identification:_identify(workspaces/f1tenth_ws/src) by extensions ['python_setup_py']
[0.127s] Level 1:colcon.colcon_core.package_identification:_identify(workspaces/f1tenth_ws/src) by extension 'python_setup_py'
[0.127s] Level 1:colcon.colcon_core.package_identification:_identify(workspaces/f1tenth_ws/src/ackermann_mux) by extensions ['ignore', 'ignore_ament_install']
[0.127s] Level 1:colcon.colcon_core.package_identification:_identify(workspaces/f1tenth_ws/src/ackermann_mux) by extension 'ignore'
[0.127s] Level 1:colcon.colcon_core.package_identification:_identify(workspaces/f1tenth_ws/src/ackermann_mux) by extension 'ignore_ament_install'
[0.127s] Level 1:colcon.colcon_core.package_identification:_identify(workspaces/f1tenth_ws/src/ackermann_mux) by extensions ['colcon_pkg']
[0.127s] Level 1:colcon.colcon_core.package_identification:_identify(workspaces/f1tenth_ws/src/ackermann_mux) by extension 'colcon_pkg'
[0.127s] Level 1:colcon.colcon_core.package_identification:_identify(workspaces/f1tenth_ws/src/ackermann_mux) by extensions ['colcon_meta']
[0.127s] Level 1:colcon.colcon_core.package_identification:_identify(workspaces/f1tenth_ws/src/ackermann_mux) by extension 'colcon_meta'
[0.127s] Level 1:colcon.colcon_core.package_identification:_identify(workspaces/f1tenth_ws/src/ackermann_mux) by extensions ['ros']
[0.127s] Level 1:colcon.colcon_core.package_identification:_identify(workspaces/f1tenth_ws/src/ackermann_mux) by extension 'ros'
[0.128s] DEBUG:colcon.colcon_core.package_identification:Package 'workspaces/f1tenth_ws/src/ackermann_mux' with type 'ros.ament_cmake' and name 'ackermann_mux'
[0.128s] Level 1:colcon.colcon_core.package_identification:_identify(workspaces/f1tenth_ws/src/f1tenth_teleop) by extensions ['ignore', 'ignore_ament_install']
[0.128s] Level 1:colcon.colcon_core.package_identification:_identify(workspaces/f1tenth_ws/src/f1tenth_teleop) by extension 'ignore'
[0.128s] Level 1:colcon.colcon_core.package_identification:_identify(workspaces/f1tenth_ws/src/f1tenth_teleop) by extension 'ignore_ament_install'
[0.128s] Level 1:colcon.colcon_core.package_identification:_identify(workspaces/f1tenth_ws/src/f1tenth_teleop) by extensions ['colcon_pkg']
[0.128s] Level 1:colcon.colcon_core.package_identification:_identify(workspaces/f1tenth_ws/src/f1tenth_teleop) by extension 'colcon_pkg'
[0.128s] Level 1:colcon.colcon_core.package_identification:_identify(workspaces/f1tenth_ws/src/f1tenth_teleop) by extensions ['colcon_meta']
[0.128s] Level 1:colcon.colcon_core.package_identification:_identify(workspaces/f1tenth_ws/src/f1tenth_teleop) by extension 'colcon_meta'
[0.128s] Level 1:colcon.colcon_core.package_identification:_identify(workspaces/f1tenth_ws/src/f1tenth_teleop) by extensions ['ros']
[0.128s] Level 1:colcon.colcon_core.package_identification:_identify(workspaces/f1tenth_ws/src/f1tenth_teleop) by extension 'ros'
[0.128s] DEBUG:colcon.colcon_core.package_identification:Package 'workspaces/f1tenth_ws/src/f1tenth_teleop' with type 'ros.ament_python' and name 'f1tenth_teleop'
[0.128s] Level 1:colcon.colcon_core.package_identification:_identify(workspaces/f1tenth_ws/src/vesc) by extensions ['ignore', 'ignore_ament_install']
[0.128s] Level 1:colcon.colcon_core.package_identification:_identify(workspaces/f1tenth_ws/src/vesc) by extension 'ignore'
[0.129s] Level 1:colcon.colcon_core.package_identification:_identify(workspaces/f1tenth_ws/src/vesc) by extension 'ignore_ament_install'
[0.129s] Level 1:colcon.colcon_core.package_identification:_identify(workspaces/f1tenth_ws/src/vesc) by extensions ['colcon_pkg']
[0.129s] Level 1:colcon.colcon_core.package_identification:_identify(workspaces/f1tenth_ws/src/vesc) by extension 'colcon_pkg'
[0.129s] Level 1:colcon.colcon_core.package_identification:_identify(workspaces/f1tenth_ws/src/vesc) by extensions ['colcon_meta']
[0.129s] Level 1:colcon.colcon_core.package_identification:_identify(workspaces/f1tenth_ws/src/vesc) by extension 'colcon_meta'
[0.129s] Level 1:colcon.colcon_core.package_identification:_identify(workspaces/f1tenth_ws/src/vesc) by extensions ['ros']
[0.129s] Level 1:colcon.colcon_core.package_identification:_identify(workspaces/f1tenth_ws/src/vesc) by extension 'ros'
[0.129s] Level 1:colcon.colcon_core.package_identification:_identify(workspaces/f1tenth_ws/src/vesc) by extensions ['cmake', 'python']
[0.129s] Level 1:colcon.colcon_core.package_identification:_identify(workspaces/f1tenth_ws/src/vesc) by extension 'cmake'
[0.129s] Level 1:colcon.colcon_core.package_identification:_identify(workspaces/f1tenth_ws/src/vesc) by extension 'python'
[0.129s] Level 1:colcon.colcon_core.package_identification:_identify(workspaces/f1tenth_ws/src/vesc) by extensions ['python_setup_py']
[0.129s] Level 1:colcon.colcon_core.package_identification:_identify(workspaces/f1tenth_ws/src/vesc) by extension 'python_setup_py'
[0.129s] Level 1:colcon.colcon_core.package_identification:_identify(workspaces/f1tenth_ws/src/vesc/vesc) by extensions ['ignore', 'ignore_ament_install']
[0.129s] Level 1:colcon.colcon_core.package_identification:_identify(workspaces/f1tenth_ws/src/vesc/vesc) by extension 'ignore'
[0.129s] Level 1:colcon.colcon_core.package_identification:_identify(workspaces/f1tenth_ws/src/vesc/vesc) by extension 'ignore_ament_install'
[0.129s] Level 1:colcon.colcon_core.package_identification:_identify(workspaces/f1tenth_ws/src/vesc/vesc) by extensions ['colcon_pkg']
[0.129s] Level 1:colcon.colcon_core.package_identification:_identify(workspaces/f1tenth_ws/src/vesc/vesc) by extension 'colcon_pkg'
[0.129s] Level 1:colcon.colcon_core.package_identification:_identify(workspaces/f1tenth_ws/src/vesc/vesc) by extensions ['colcon_meta']
[0.129s] Level 1:colcon.colcon_core.package_identification:_identify(workspaces/f1tenth_ws/src/vesc/vesc) by extension 'colcon_meta'
[0.129s] Level 1:colcon.colcon_core.package_identification:_identify(workspaces/f1tenth_ws/src/vesc/vesc) by extensions ['ros']
[0.129s] Level 1:colcon.colcon_core.package_identification:_identify(workspaces/f1tenth_ws/src/vesc/vesc) by extension 'ros'
[0.129s] DEBUG:colcon.colcon_core.package_identification:Package 'workspaces/f1tenth_ws/src/vesc/vesc' with type 'ros.ament_cmake' and name 'vesc'
[0.129s] Level 1:colcon.colcon_core.package_identification:_identify(workspaces/f1tenth_ws/src/vesc/vesc_ackermann) by extensions ['ignore', 'ignore_ament_install']
[0.129s] Level 1:colcon.colcon_core.package_identification:_identify(workspaces/f1tenth_ws/src/vesc/vesc_ackermann) by extension 'ignore'
[0.129s] Level 1:colcon.colcon_core.package_identification:_identify(workspaces/f1tenth_ws/src/vesc/vesc_ackermann) by extension 'ignore_ament_install'
[0.130s] Level 1:colcon.colcon_core.package_identification:_identify(workspaces/f1tenth_ws/src/vesc/vesc_ackermann) by extensions ['colcon_pkg']
[0.130s] Level 1:colcon.colcon_core.package_identification:_identify(workspaces/f1tenth_ws/src/vesc/vesc_ackermann) by extension 'colcon_pkg'
[0.130s] Level 1:colcon.colcon_core.package_identification:_identify(workspaces/f1tenth_ws/src/vesc/vesc_ackermann) by extensions ['colcon_meta']
[0.130s] Level 1:colcon.colcon_core.package_identification:_identify(workspaces/f1tenth_ws/src/vesc/vesc_ackermann) by extension 'colcon_meta'
[0.130s] Level 1:colcon.colcon_core.package_identification:_identify(workspaces/f1tenth_ws/src/vesc/vesc_ackermann) by extensions ['ros']
[0.130s] Level 1:colcon.colcon_core.package_identification:_identify(workspaces/f1tenth_ws/src/vesc/vesc_ackermann) by extension 'ros'
[0.130s] DEBUG:colcon.colcon_core.package_identification:Package 'workspaces/f1tenth_ws/src/vesc/vesc_ackermann' with type 'ros.ament_cmake' and name 'vesc_ackermann'
[0.130s] Level 1:colcon.colcon_core.package_identification:_identify(workspaces/f1tenth_ws/src/vesc/vesc_driver) by extensions ['ignore', 'ignore_ament_install']
[0.130s] Level 1:colcon.colcon_core.package_identification:_identify(workspaces/f1tenth_ws/src/vesc/vesc_driver) by extension 'ignore'
[0.130s] Level 1:colcon.colcon_core.package_identification:_identify(workspaces/f1tenth_ws/src/vesc/vesc_driver) by extension 'ignore_ament_install'
[0.130s] Level 1:colcon.colcon_core.package_identification:_identify(workspaces/f1tenth_ws/src/vesc/vesc_driver) by extensions ['colcon_pkg']
[0.130s] Level 1:colcon.colcon_core.package_identification:_identify(workspaces/f1tenth_ws/src/vesc/vesc_driver) by extension 'colcon_pkg'
[0.130s] Level 1:colcon.colcon_core.package_identification:_identify(workspaces/f1tenth_ws/src/vesc/vesc_driver) by extensions ['colcon_meta']
[0.130s] Level 1:colcon.colcon_core.package_identification:_identify(workspaces/f1tenth_ws/src/vesc/vesc_driver) by extension 'colcon_meta'
[0.130s] Level 1:colcon.colcon_core.package_identification:_identify(workspaces/f1tenth_ws/src/vesc/vesc_driver) by extensions ['ros']
[0.130s] Level 1:colcon.colcon_core.package_identification:_identify(workspaces/f1tenth_ws/src/vesc/vesc_driver) by extension 'ros'
[0.131s] DEBUG:colcon.colcon_core.package_identification:Package 'workspaces/f1tenth_ws/src/vesc/vesc_driver' with type 'ros.ament_cmake' and name 'vesc_driver'
[0.131s] Level 1:colcon.colcon_core.package_identification:_identify(workspaces/f1tenth_ws/src/vesc/vesc_msgs) by extensions ['ignore', 'ignore_ament_install']
[0.131s] Level 1:colcon.colcon_core.package_identification:_identify(workspaces/f1tenth_ws/src/vesc/vesc_msgs) by extension 'ignore'
[0.131s] Level 1:colcon.colcon_core.package_identification:_identify(workspaces/f1tenth_ws/src/vesc/vesc_msgs) by extension 'ignore_ament_install'
[0.131s] Level 1:colcon.colcon_core.package_identification:_identify(workspaces/f1tenth_ws/src/vesc/vesc_msgs) by extensions ['colcon_pkg']
[0.131s] Level 1:colcon.colcon_core.package_identification:_identify(workspaces/f1tenth_ws/src/vesc/vesc_msgs) by extension 'colcon_pkg'
[0.131s] Level 1:colcon.colcon_core.package_identification:_identify(workspaces/f1tenth_ws/src/vesc/vesc_msgs) by extensions ['colcon_meta']
[0.131s] Level 1:colcon.colcon_core.package_identification:_identify(workspaces/f1tenth_ws/src/vesc/vesc_msgs) by extension 'colcon_meta'
[0.131s] Level 1:colcon.colcon_core.package_identification:_identify(workspaces/f1tenth_ws/src/vesc/vesc_msgs) by extensions ['ros']
[0.131s] Level 1:colcon.colcon_core.package_identification:_identify(workspaces/f1tenth_ws/src/vesc/vesc_msgs) by extension 'ros'
[0.132s] DEBUG:colcon.colcon_core.package_identification:Package 'workspaces/f1tenth_ws/src/vesc/vesc_msgs' with type 'ros.ament_cmake' and name 'vesc_msgs'
[0.132s] Level 1:colcon.colcon_core.package_identification:_identify(workspaces/ydlidar_ros2_ws) by extensions ['ignore', 'ignore_ament_install']
[0.132s] Level 1:colcon.colcon_core.package_identification:_identify(workspaces/ydlidar_ros2_ws) by extension 'ignore'
[0.132s] Level 1:colcon.colcon_core.package_identification:_identify(workspaces/ydlidar_ros2_ws) by extension 'ignore_ament_install'
[0.132s] Level 1:colcon.colcon_core.package_identification:_identify(workspaces/ydlidar_ros2_ws) by extensions ['colcon_pkg']
[0.132s] Level 1:colcon.colcon_core.package_identification:_identify(workspaces/ydlidar_ros2_ws) by extension 'colcon_pkg'
[0.132s] Level 1:colcon.colcon_core.package_identification:_identify(workspaces/ydlidar_ros2_ws) by extensions ['colcon_meta']
[0.132s] Level 1:colcon.colcon_core.package_identification:_identify(workspaces/ydlidar_ros2_ws) by extension 'colcon_meta'
[0.132s] Level 1:colcon.colcon_core.package_identification:_identify(workspaces/ydlidar_ros2_ws) by extensions ['ros']
[0.132s] Level 1:colcon.colcon_core.package_identification:_identify(workspaces/ydlidar_ros2_ws) by extension 'ros'
[0.132s] Level 1:colcon.colcon_core.package_identification:_identify(workspaces/ydlidar_ros2_ws) by extensions ['cmake', 'python']
[0.132s] Level 1:colcon.colcon_core.package_identification:_identify(workspaces/ydlidar_ros2_ws) by extension 'cmake'
[0.132s] Level 1:colcon.colcon_core.package_identification:_identify(workspaces/ydlidar_ros2_ws) by extension 'python'
[0.132s] Level 1:colcon.colcon_core.package_identification:_identify(workspaces/ydlidar_ros2_ws) by extensions ['python_setup_py']
[0.132s] Level 1:colcon.colcon_core.package_identification:_identify(workspaces/ydlidar_ros2_ws) by extension 'python_setup_py'
[0.132s] Level 1:colcon.colcon_core.package_identification:_identify(workspaces/ydlidar_ros2_ws/src) by extensions ['ignore', 'ignore_ament_install']
[0.132s] Level 1:colcon.colcon_core.package_identification:_identify(workspaces/ydlidar_ros2_ws/src) by extension 'ignore'
[0.132s] Level 1:colcon.colcon_core.package_identification:_identify(workspaces/ydlidar_ros2_ws/src) by extension 'ignore_ament_install'
[0.132s] Level 1:colcon.colcon_core.package_identification:_identify(workspaces/ydlidar_ros2_ws/src) by extensions ['colcon_pkg']
[0.132s] Level 1:colcon.colcon_core.package_identification:_identify(workspaces/ydlidar_ros2_ws/src) by extension 'colcon_pkg'
[0.132s] Level 1:colcon.colcon_core.package_identification:_identify(workspaces/ydlidar_ros2_ws/src) by extensions ['colcon_meta']
[0.132s] Level 1:colcon.colcon_core.package_identification:_identify(workspaces/ydlidar_ros2_ws/src) by extension 'colcon_meta'
[0.132s] Level 1:colcon.colcon_core.package_identification:_identify(workspaces/ydlidar_ros2_ws/src) by extensions ['ros']
[0.132s] Level 1:colcon.colcon_core.package_identification:_identify(workspaces/ydlidar_ros2_ws/src) by extension 'ros'
[0.132s] Level 1:colcon.colcon_core.package_identification:_identify(workspaces/ydlidar_ros2_ws/src) by extensions ['cmake', 'python']
[0.132s] Level 1:colcon.colcon_core.package_identification:_identify(workspaces/ydlidar_ros2_ws/src) by extension 'cmake'
[0.132s] Level 1:colcon.colcon_core.package_identification:_identify(workspaces/ydlidar_ros2_ws/src) by extension 'python'
[0.132s] Level 1:colcon.colcon_core.package_identification:_identify(workspaces/ydlidar_ros2_ws/src) by extensions ['python_setup_py']
[0.132s] Level 1:colcon.colcon_core.package_identification:_identify(workspaces/ydlidar_ros2_ws/src) by extension 'python_setup_py'
[0.132s] Level 1:colcon.colcon_core.package_identification:_identify(workspaces/ydlidar_ros2_ws/src/ydlidar_ros2_driver) by extensions ['ignore', 'ignore_ament_install']
[0.132s] Level 1:colcon.colcon_core.package_identification:_identify(workspaces/ydlidar_ros2_ws/src/ydlidar_ros2_driver) by extension 'ignore'
[0.133s] Level 1:colcon.colcon_core.package_identification:_identify(workspaces/ydlidar_ros2_ws/src/ydlidar_ros2_driver) by extension 'ignore_ament_install'
[0.133s] Level 1:colcon.colcon_core.package_identification:_identify(workspaces/ydlidar_ros2_ws/src/ydlidar_ros2_driver) by extensions ['colcon_pkg']
[0.133s] Level 1:colcon.colcon_core.package_identification:_identify(workspaces/ydlidar_ros2_ws/src/ydlidar_ros2_driver) by extension 'colcon_pkg'
[0.133s] Level 1:colcon.colcon_core.package_identification:_identify(workspaces/ydlidar_ros2_ws/src/ydlidar_ros2_driver) by extensions ['colcon_meta']
[0.133s] Level 1:colcon.colcon_core.package_identification:_identify(workspaces/ydlidar_ros2_ws/src/ydlidar_ros2_driver) by extension 'colcon_meta'
[0.133s] Level 1:colcon.colcon_core.package_identification:_identify(workspaces/ydlidar_ros2_ws/src/ydlidar_ros2_driver) by extensions ['ros']
[0.133s] Level 1:colcon.colcon_core.package_identification:_identify(workspaces/ydlidar_ros2_ws/src/ydlidar_ros2_driver) by extension 'ros'
[0.133s] DEBUG:colcon.colcon_core.package_identification:Package 'workspaces/ydlidar_ros2_ws/src/ydlidar_ros2_driver' with type 'ros.ament_cmake' and name 'ydlidar_ros2_driver'
[0.133s] Level 1:colcon.colcon_core.package_discovery:discover_packages(recursive) using defaults
[0.133s] Level 1:colcon.colcon_core.package_discovery:discover_packages(ignore) discover
[0.133s] Level 1:colcon.colcon_core.package_discovery:discover_packages(ignore) using defaults
[0.133s] Level 1:colcon.colcon_core.package_discovery:discover_packages(path) discover
[0.133s] Level 1:colcon.colcon_core.package_discovery:discover_packages(path) using defaults
[0.146s] Level 1:colcon.colcon_core.package_discovery:discover_packages(prefix_path) check parameters
[0.146s] Level 1:colcon.colcon_core.package_discovery:discover_packages(prefix_path) discover
[0.147s] DEBUG:colcon.colcon_installed_package_information.package_discovery:Found 7 installed packages in /home/airou/f1tenth_ws/install
[0.148s] DEBUG:colcon.colcon_installed_package_information.package_discovery:Found 1 installed packages in /home/airou/ydlidar_ros2_ws/install
[0.149s] DEBUG:colcon.colcon_installed_package_information.package_discovery:Found 500 installed packages in /opt/ros/jazzy
[0.150s] Level 1:colcon.colcon_core.package_discovery:discover_packages(prefix_path) using defaults
[0.184s] WARNING:colcon.colcon_core.package_selection:Some selected packages are already built in one or more underlay workspaces:
	'vesc_driver' is in: /home/airou/f1tenth_ws/install
	'ackermann_mux' is in: /home/airou/f1tenth_ws/install
	'vesc_ackermann' is in: /home/airou/f1tenth_ws/install
	'f1tenth_teleop' is in: /home/airou/f1tenth_ws/install
If a package in a merged underlay workspace is overridden and it installs headers, then all packages in the overlay must sort their include directories by workspace order. Failure to do so may result in build failures or undefined behavior at run time.
If the overridden package is used by another package in any underlay, then the overriding package in the overlay must be API and ABI compatible or undefined behavior at run time may occur.

If you understand the risks and want to override a package anyways, add the following to the command line:
	--allow-overriding ackermann_mux f1tenth_teleop vesc_ackermann vesc_driver

This may be promoted to an error in a future release of colcon-override-check.
[0.184s] ERROR:colcon:colcon build: Duplicate package names not supported:
- ydlidar_ros2_driver:
  - src/ydlidar_ros2_driver
  - workspaces/ydlidar_ros2_ws/src/ydlidar_ros2_driver
